Build started 10/24/2013 10:37:12 PM.
     1>Project "C:\Users\Kelvin\Downloads\cocos2d-x-3.0alpha0\cocos2d-x-3.0alpha0\samples\Cpp\HelloCpp\proj.win32\HelloCpp.vcxproj" on node 2 (Build target(s)).
     1>ClCompile:
         C:\Program Files (x86)\Microsoft Visual Studio 11.0\VC\bin\CL.exe /c /I"C:\Users\Kelvin\Downloads\cocos2d-x-3.0alpha0\cocos2d-x-3.0alpha0\samples\Cpp\HelloCpp\proj.win32\..\..\..\..\cocos2dx" /I"C:\Users\Kelvin\Downloads\cocos2d-x-3.0alpha0\cocos2d-x-3.0alpha0\samples\Cpp\HelloCpp\proj.win32\..\..\..\..\cocos2dx\include" /I"C:\Users\Kelvin\Downloads\cocos2d-x-3.0alpha0\cocos2d-x-3.0alpha0\samples\Cpp\HelloCpp\proj.win32\..\..\..\..\cocos2dx\kazmath\include" /I"C:\Users\Kelvin\Downloads\cocos2d-x-3.0alpha0\cocos2d-x-3.0alpha0\samples\Cpp\HelloCpp\proj.win32\..\..\..\..\cocos2dx\platform\win32" /I"C:\Users\Kelvin\Downloads\cocos2d-x-3.0alpha0\cocos2d-x-3.0alpha0\samples\Cpp\HelloCpp\proj.win32\..\..\..\..\cocos2dx\platform\third_party\win32\OGLES" /I..\Classes /I"C:\Users\Kelvin\Downloads\cocos2d-x-3.0alpha0\cocos2d-x-3.0alpha0\samples\Cpp\HelloCpp\proj.win32\..\..\..\..\external\chipmunk\include\chipmunk" /ZI /nologo /W3 /WX- /Od /Oy- /D WIN32 /D _DEBUG /D _WINDOWS /D COCOS2D_DEBUG=1 /D _CRT_SECURE_NO_WARNINGS /D _SCL_SECURE_NO_WARNINGS /D _UNICODE /D UNICODE /Gm /EHsc /RTC1 /MDd /GS /fp:precise /Zc:wchar_t /Zc:forScope /Fo"Debug.win32\\" /Fd"Debug.win32\vc110.pdb" /Gd /TP /wd4267 /wd4251 /wd4244 /analyze- /errorReport:prompt SolveWizard.cpp
         SolveWizard.cpp
     1>c:\users\kelvin\downloads\cocos2d-x-3.0alpha0\cocos2d-x-3.0alpha0\samples\cpp\hellocpp\proj.win32\cell.h(55): warning C4996: 'cocos2d::CCTexture2D': was declared deprecated
                 c:\users\kelvin\downloads\cocos2d-x-3.0alpha0\cocos2d-x-3.0alpha0\cocos2dx\include\ccdeprecated.h(572) : see declaration of 'cocos2d::CCTexture2D'
     1>c:\users\kelvin\downloads\cocos2d-x-3.0alpha0\cocos2d-x-3.0alpha0\samples\cpp\hellocpp\proj.win32\solvewizard.cpp(105): warning C4018: '<' : signed/unsigned mismatch
       Link:
         C:\Program Files (x86)\Microsoft Visual Studio 11.0\VC\bin\link.exe /ERRORREPORT:PROMPT /OUT:"C:\Users\Kelvin\Downloads\cocos2d-x-3.0alpha0\cocos2d-x-3.0alpha0\Debug.win32\HelloCpp.exe" /INCREMENTAL /NOLOGO /LIBPATH:"C:\Users\Kelvin\Downloads\cocos2d-x-3.0alpha0\cocos2d-x-3.0alpha0\Debug.win32\\" /LIBPATH:"C:\Users\Kelvin\Downloads\cocos2d-x-3.0alpha0\cocos2d-x-3.0alpha0\Debug.win32\\" libcocos2d.lib libchipmunk.lib opengl32.lib glew32.lib libzlib.lib libpng.lib libjpeg.lib libtiff.lib libwebp.lib libiconv.lib glfw3.lib freetype250.lib winmm.lib kernel32.lib user32.lib gdi32.lib winspool.lib comdlg32.lib advapi32.lib shell32.lib ole32.lib oleaut32.lib uuid.lib odbc32.lib odbccp32.lib /MANIFEST /MANIFESTUAC:"level='asInvoker' uiAccess='false'" /manifest:embed /DEBUG /PDB:"C:\Users\Kelvin\Downloads\cocos2d-x-3.0alpha0\cocos2d-x-3.0alpha0\Debug.win32\HelloCpp.pdb" /SUBSYSTEM:WINDOWS /TLBID:1 /DYNAMICBASE /NXCOMPAT /IMPLIB:"C:\Users\Kelvin\Downloads\cocos2d-x-3.0alpha0\cocos2d-x-3.0alpha0\Debug.win32\HelloCpp.lib" /MACHINE:X86 /SAFESEH Debug.win32\AppDelegate.obj
         Debug.win32\Cell.obj
         Debug.win32\GameManager.obj
         Debug.win32\IOManager.obj
         Debug.win32\main.obj
         Debug.win32\Map.obj
         Debug.win32\ScoreManager.obj
         Debug.win32\SolveWizard.obj
         Debug.win32\UIManager.obj
         "C:\Users\Kelvin\Downloads\cocos2d-x-3.0alpha0\cocos2d-x-3.0alpha0\Debug.win32\libcocos2d.lib"
         "C:\Users\Kelvin\Downloads\cocos2d-x-3.0alpha0\cocos2d-x-3.0alpha0\Debug.win32\libCocosDenshion.lib"
     1>AppDelegate.obj : warning LNK4075: ignoring '/EDITANDCONTINUE' due to '/SAFESEH' specification
     1>LINK : warning LNK4098: defaultlib 'MSVCRT' conflicts with use of other libs; use /NODEFAULTLIB:library
     1>LINK : warning LNK4098: defaultlib 'LIBCMTD' conflicts with use of other libs; use /NODEFAULTLIB:library
     1>LINK : warning LNK4098: defaultlib 'LIBCMT' conflicts with use of other libs; use /NODEFAULTLIB:library
     1>libjpeg.lib(jcapimin.obj) : warning LNK4099: PDB 'vc110.pdb' was not found with 'libjpeg.lib(jcapimin.obj)' or at 'C:\Users\Kelvin\Downloads\cocos2d-x-3.0alpha0\cocos2d-x-3.0alpha0\Debug.win32\vc110.pdb'; linking object as if no debug info
     1>libjpeg.lib(jcapistd.obj) : warning LNK4099: PDB 'vc110.pdb' was not found with 'libjpeg.lib(jcapistd.obj)' or at 'C:\Users\Kelvin\Downloads\cocos2d-x-3.0alpha0\cocos2d-x-3.0alpha0\Debug.win32\vc110.pdb'; linking object as if no debug info
     1>libjpeg.lib(jcarith.obj) : warning LNK4099: PDB 'vc110.pdb' was not found with 'libjpeg.lib(jcarith.obj)' or at 'C:\Users\Kelvin\Downloads\cocos2d-x-3.0alpha0\cocos2d-x-3.0alpha0\Debug.win32\vc110.pdb'; linking object as if no debug info
     1>libjpeg.lib(jcparam.obj) : warning LNK4099: PDB 'vc110.pdb' was not found with 'libjpeg.lib(jcparam.obj)' or at 'C:\Users\Kelvin\Downloads\cocos2d-x-3.0alpha0\cocos2d-x-3.0alpha0\Debug.win32\vc110.pdb'; linking object as if no debug info
     1>libjpeg.lib(jdatadst.obj) : warning LNK4099: PDB 'vc110.pdb' was not found with 'libjpeg.lib(jdatadst.obj)' or at 'C:\Users\Kelvin\Downloads\cocos2d-x-3.0alpha0\cocos2d-x-3.0alpha0\Debug.win32\vc110.pdb'; linking object as if no debug info
     1>libjpeg.lib(jcinit.obj) : warning LNK4099: PDB 'vc110.pdb' was not found with 'libjpeg.lib(jcinit.obj)' or at 'C:\Users\Kelvin\Downloads\cocos2d-x-3.0alpha0\cocos2d-x-3.0alpha0\Debug.win32\vc110.pdb'; linking object as if no debug info
     1>libjpeg.lib(jcmaster.obj) : warning LNK4099: PDB 'vc110.pdb' was not found with 'libjpeg.lib(jcmaster.obj)' or at 'C:\Users\Kelvin\Downloads\cocos2d-x-3.0alpha0\cocos2d-x-3.0alpha0\Debug.win32\vc110.pdb'; linking object as if no debug info
     1>libjpeg.lib(jcmarker.obj) : warning LNK4099: PDB 'vc110.pdb' was not found with 'libjpeg.lib(jcmarker.obj)' or at 'C:\Users\Kelvin\Downloads\cocos2d-x-3.0alpha0\cocos2d-x-3.0alpha0\Debug.win32\vc110.pdb'; linking object as if no debug info
     1>libjpeg.lib(jcmainct.obj) : warning LNK4099: PDB 'vc110.pdb' was not found with 'libjpeg.lib(jcmainct.obj)' or at 'C:\Users\Kelvin\Downloads\cocos2d-x-3.0alpha0\cocos2d-x-3.0alpha0\Debug.win32\vc110.pdb'; linking object as if no debug info
     1>libjpeg.lib(jcprepct.obj) : warning LNK4099: PDB 'vc110.pdb' was not found with 'libjpeg.lib(jcprepct.obj)' or at 'C:\Users\Kelvin\Downloads\cocos2d-x-3.0alpha0\cocos2d-x-3.0alpha0\Debug.win32\vc110.pdb'; linking object as if no debug info
     1>libjpeg.lib(jccoefct.obj) : warning LNK4099: PDB 'vc110.pdb' was not found with 'libjpeg.lib(jccoefct.obj)' or at 'C:\Users\Kelvin\Downloads\cocos2d-x-3.0alpha0\cocos2d-x-3.0alpha0\Debug.win32\vc110.pdb'; linking object as if no debug info
     1>libjpeg.lib(jccolor.obj) : warning LNK4099: PDB 'vc110.pdb' was not found with 'libjpeg.lib(jccolor.obj)' or at 'C:\Users\Kelvin\Downloads\cocos2d-x-3.0alpha0\cocos2d-x-3.0alpha0\Debug.win32\vc110.pdb'; linking object as if no debug info
     1>libjpeg.lib(jcsample.obj) : warning LNK4099: PDB 'vc110.pdb' was not found with 'libjpeg.lib(jcsample.obj)' or at 'C:\Users\Kelvin\Downloads\cocos2d-x-3.0alpha0\cocos2d-x-3.0alpha0\Debug.win32\vc110.pdb'; linking object as if no debug info
     1>libjpeg.lib(jchuff.obj) : warning LNK4099: PDB 'vc110.pdb' was not found with 'libjpeg.lib(jchuff.obj)' or at 'C:\Users\Kelvin\Downloads\cocos2d-x-3.0alpha0\cocos2d-x-3.0alpha0\Debug.win32\vc110.pdb'; linking object as if no debug info
     1>libjpeg.lib(jcdctmgr.obj) : warning LNK4099: PDB 'vc110.pdb' was not found with 'libjpeg.lib(jcdctmgr.obj)' or at 'C:\Users\Kelvin\Downloads\cocos2d-x-3.0alpha0\cocos2d-x-3.0alpha0\Debug.win32\vc110.pdb'; linking object as if no debug info
     1>libjpeg.lib(jfdctfst.obj) : warning LNK4099: PDB 'vc110.pdb' was not found with 'libjpeg.lib(jfdctfst.obj)' or at 'C:\Users\Kelvin\Downloads\cocos2d-x-3.0alpha0\cocos2d-x-3.0alpha0\Debug.win32\vc110.pdb'; linking object as if no debug info
     1>libjpeg.lib(jfdctflt.obj) : warning LNK4099: PDB 'vc110.pdb' was not found with 'libjpeg.lib(jfdctflt.obj)' or at 'C:\Users\Kelvin\Downloads\cocos2d-x-3.0alpha0\cocos2d-x-3.0alpha0\Debug.win32\vc110.pdb'; linking object as if no debug info
     1>libjpeg.lib(jfdctint.obj) : warning LNK4099: PDB 'vc110.pdb' was not found with 'libjpeg.lib(jfdctint.obj)' or at 'C:\Users\Kelvin\Downloads\cocos2d-x-3.0alpha0\cocos2d-x-3.0alpha0\Debug.win32\vc110.pdb'; linking object as if no debug info
     1>libjpeg.lib(jdapimin.obj) : warning LNK4099: PDB 'vc110.pdb' was not found with 'libjpeg.lib(jdapimin.obj)' or at 'C:\Users\Kelvin\Downloads\cocos2d-x-3.0alpha0\cocos2d-x-3.0alpha0\Debug.win32\vc110.pdb'; linking object as if no debug info
     1>libjpeg.lib(jdapistd.obj) : warning LNK4099: PDB 'vc110.pdb' was not found with 'libjpeg.lib(jdapistd.obj)' or at 'C:\Users\Kelvin\Downloads\cocos2d-x-3.0alpha0\cocos2d-x-3.0alpha0\Debug.win32\vc110.pdb'; linking object as if no debug info
     1>libjpeg.lib(jdarith.obj) : warning LNK4099: PDB 'vc110.pdb' was not found with 'libjpeg.lib(jdarith.obj)' or at 'C:\Users\Kelvin\Downloads\cocos2d-x-3.0alpha0\cocos2d-x-3.0alpha0\Debug.win32\vc110.pdb'; linking object as if no debug info
     1>libjpeg.lib(jdatasrc.obj) : warning LNK4099: PDB 'vc110.pdb' was not found with 'libjpeg.lib(jdatasrc.obj)' or at 'C:\Users\Kelvin\Downloads\cocos2d-x-3.0alpha0\cocos2d-x-3.0alpha0\Debug.win32\vc110.pdb'; linking object as if no debug info
     1>libjpeg.lib(jdmaster.obj) : warning LNK4099: PDB 'vc110.pdb' was not found with 'libjpeg.lib(jdmaster.obj)' or at 'C:\Users\Kelvin\Downloads\cocos2d-x-3.0alpha0\cocos2d-x-3.0alpha0\Debug.win32\vc110.pdb'; linking object as if no debug info
     1>libjpeg.lib(jdinput.obj) : warning LNK4099: PDB 'vc110.pdb' was not found with 'libjpeg.lib(jdinput.obj)' or at 'C:\Users\Kelvin\Downloads\cocos2d-x-3.0alpha0\cocos2d-x-3.0alpha0\Debug.win32\vc110.pdb'; linking object as if no debug info
     1>libjpeg.lib(jdmarker.obj) : warning LNK4099: PDB 'vc110.pdb' was not found with 'libjpeg.lib(jdmarker.obj)' or at 'C:\Users\Kelvin\Downloads\cocos2d-x-3.0alpha0\cocos2d-x-3.0alpha0\Debug.win32\vc110.pdb'; linking object as if no debug info
     1>libjpeg.lib(jdhuff.obj) : warning LNK4099: PDB 'vc110.pdb' was not found with 'libjpeg.lib(jdhuff.obj)' or at 'C:\Users\Kelvin\Downloads\cocos2d-x-3.0alpha0\cocos2d-x-3.0alpha0\Debug.win32\vc110.pdb'; linking object as if no debug info
     1>libjpeg.lib(jdmainct.obj) : warning LNK4099: PDB 'vc110.pdb' was not found with 'libjpeg.lib(jdmainct.obj)' or at 'C:\Users\Kelvin\Downloads\cocos2d-x-3.0alpha0\cocos2d-x-3.0alpha0\Debug.win32\vc110.pdb'; linking object as if no debug info
     1>libjpeg.lib(jdcoefct.obj) : warning LNK4099: PDB 'vc110.pdb' was not found with 'libjpeg.lib(jdcoefct.obj)' or at 'C:\Users\Kelvin\Downloads\cocos2d-x-3.0alpha0\cocos2d-x-3.0alpha0\Debug.win32\vc110.pdb'; linking object as if no debug info
     1>libjpeg.lib(jdpostct.obj) : warning LNK4099: PDB 'vc110.pdb' was not found with 'libjpeg.lib(jdpostct.obj)' or at 'C:\Users\Kelvin\Downloads\cocos2d-x-3.0alpha0\cocos2d-x-3.0alpha0\Debug.win32\vc110.pdb'; linking object as if no debug info
     1>libjpeg.lib(jddctmgr.obj) : warning LNK4099: PDB 'vc110.pdb' was not found with 'libjpeg.lib(jddctmgr.obj)' or at 'C:\Users\Kelvin\Downloads\cocos2d-x-3.0alpha0\cocos2d-x-3.0alpha0\Debug.win32\vc110.pdb'; linking object as if no debug info
     1>libjpeg.lib(jidctfst.obj) : warning LNK4099: PDB 'vc110.pdb' was not found with 'libjpeg.lib(jidctfst.obj)' or at 'C:\Users\Kelvin\Downloads\cocos2d-x-3.0alpha0\cocos2d-x-3.0alpha0\Debug.win32\vc110.pdb'; linking object as if no debug info
     1>libjpeg.lib(jidctflt.obj) : warning LNK4099: PDB 'vc110.pdb' was not found with 'libjpeg.lib(jidctflt.obj)' or at 'C:\Users\Kelvin\Downloads\cocos2d-x-3.0alpha0\cocos2d-x-3.0alpha0\Debug.win32\vc110.pdb'; linking object as if no debug info
     1>libjpeg.lib(jidctint.obj) : warning LNK4099: PDB 'vc110.pdb' was not found with 'libjpeg.lib(jidctint.obj)' or at 'C:\Users\Kelvin\Downloads\cocos2d-x-3.0alpha0\cocos2d-x-3.0alpha0\Debug.win32\vc110.pdb'; linking object as if no debug info
     1>libjpeg.lib(jdsample.obj) : warning LNK4099: PDB 'vc110.pdb' was not found with 'libjpeg.lib(jdsample.obj)' or at 'C:\Users\Kelvin\Downloads\cocos2d-x-3.0alpha0\cocos2d-x-3.0alpha0\Debug.win32\vc110.pdb'; linking object as if no debug info
     1>libjpeg.lib(jdcolor.obj) : warning LNK4099: PDB 'vc110.pdb' was not found with 'libjpeg.lib(jdcolor.obj)' or at 'C:\Users\Kelvin\Downloads\cocos2d-x-3.0alpha0\cocos2d-x-3.0alpha0\Debug.win32\vc110.pdb'; linking object as if no debug info
     1>libjpeg.lib(jquant1.obj) : warning LNK4099: PDB 'vc110.pdb' was not found with 'libjpeg.lib(jquant1.obj)' or at 'C:\Users\Kelvin\Downloads\cocos2d-x-3.0alpha0\cocos2d-x-3.0alpha0\Debug.win32\vc110.pdb'; linking object as if no debug info
     1>libjpeg.lib(jquant2.obj) : warning LNK4099: PDB 'vc110.pdb' was not found with 'libjpeg.lib(jquant2.obj)' or at 'C:\Users\Kelvin\Downloads\cocos2d-x-3.0alpha0\cocos2d-x-3.0alpha0\Debug.win32\vc110.pdb'; linking object as if no debug info
     1>libjpeg.lib(jdmerge.obj) : warning LNK4099: PDB 'vc110.pdb' was not found with 'libjpeg.lib(jdmerge.obj)' or at 'C:\Users\Kelvin\Downloads\cocos2d-x-3.0alpha0\cocos2d-x-3.0alpha0\Debug.win32\vc110.pdb'; linking object as if no debug info
     1>libjpeg.lib(jaricom.obj) : warning LNK4099: PDB 'vc110.pdb' was not found with 'libjpeg.lib(jaricom.obj)' or at 'C:\Users\Kelvin\Downloads\cocos2d-x-3.0alpha0\cocos2d-x-3.0alpha0\Debug.win32\vc110.pdb'; linking object as if no debug info
     1>libjpeg.lib(jcomapi.obj) : warning LNK4099: PDB 'vc110.pdb' was not found with 'libjpeg.lib(jcomapi.obj)' or at 'C:\Users\Kelvin\Downloads\cocos2d-x-3.0alpha0\cocos2d-x-3.0alpha0\Debug.win32\vc110.pdb'; linking object as if no debug info
     1>libjpeg.lib(jutils.obj) : warning LNK4099: PDB 'vc110.pdb' was not found with 'libjpeg.lib(jutils.obj)' or at 'C:\Users\Kelvin\Downloads\cocos2d-x-3.0alpha0\cocos2d-x-3.0alpha0\Debug.win32\vc110.pdb'; linking object as if no debug info
     1>libjpeg.lib(jerror.obj) : warning LNK4099: PDB 'vc110.pdb' was not found with 'libjpeg.lib(jerror.obj)' or at 'C:\Users\Kelvin\Downloads\cocos2d-x-3.0alpha0\cocos2d-x-3.0alpha0\Debug.win32\vc110.pdb'; linking object as if no debug info
     1>libjpeg.lib(jmemmgr.obj) : warning LNK4099: PDB 'vc110.pdb' was not found with 'libjpeg.lib(jmemmgr.obj)' or at 'C:\Users\Kelvin\Downloads\cocos2d-x-3.0alpha0\cocos2d-x-3.0alpha0\Debug.win32\vc110.pdb'; linking object as if no debug info
     1>libjpeg.lib(jmemnobs.obj) : warning LNK4099: PDB 'vc110.pdb' was not found with 'libjpeg.lib(jmemnobs.obj)' or at 'C:\Users\Kelvin\Downloads\cocos2d-x-3.0alpha0\cocos2d-x-3.0alpha0\Debug.win32\vc110.pdb'; linking object as if no debug info
         HelloCpp.vcxproj -> C:\Users\Kelvin\Downloads\cocos2d-x-3.0alpha0\cocos2d-x-3.0alpha0\Debug.win32\HelloCpp.exe
     1>Done Building Project "C:\Users\Kelvin\Downloads\cocos2d-x-3.0alpha0\cocos2d-x-3.0alpha0\samples\Cpp\HelloCpp\proj.win32\HelloCpp.vcxproj" (Build target(s)).

Build succeeded.

Time Elapsed 00:00:10.06
